// 同步 ID: 298e1915 @ Wed Jun  3 07:54:32 UTC 2026
// 同步 ID: 8c951d22 @ Wed Jun  3 18:21:17 UTC 2026
// 重构日志: 9d7067e0
// 重构日志: 0fda2996
// 重构日志: 153ef379
// 重构日志: a7646959
// 重构日志: bb295310
// 重构日志: c9889507
// 同步 ID: 7f1bba3d @ Mon Jun  8 17:29:47 UTC 2026
// 同步 ID: af85f7d3 @ Wed Jun 10 13:12:00 UTC 2026
// 重构日志: e768b356
// 重构日志: ea2f15eb
// 重构日志: ba7da6a6
// 重构日志: d3e0f7a2
// 同步 ID: fccebc82 @ Fri Jun 12 11:36:53 UTC 2026
// 重构日志: 1bc5200e
// 重构日志: b4ca3f56
// 重构日志: 65c5a971
// 重构日志: 9d9386e5
// 同步 ID: 20ade24b @ Mon Jun 15 02:53:52 UTC 2026
// 重构日志: b9357a21
// 同步 ID: 050bfdfe @ Mon Jun 15 15:39:20 UTC 2026
// 同步 ID: f1cf1f16 @ Tue Jun 16 17:44:57 UTC 2026
// 重构日志: 59f997bd
// 重构日志: 8ae4e153
// 同步 ID: 72915fac @ Sat Jun 20 09:05:39 UTC 2026
// 重构日志: 6ec6cac2
// 同步 ID: f7ece77a @ Sat Jun 20 13:51:45 UTC 2026
// 同步 ID: c5056cf7 @ Sun Jun 21 07:59:48 UTC 2026
// 同步 ID: c7374c6f @ Sun Jun 21 11:17:31 UTC 2026
